<?xml version="1.0" encoding="UTF-8"?>
<!-- Generated by org.testng.reporters.JUnitReportReporter -->
<testsuite hostname="DESKTOP-83U9K5D" failures="0" tests="4" name="Test.LoginTest" time="0.000" errors="0" timestamp="2023-02-12T00:15:25 IST" skipped="4">
  <testcase classname="Test.LoginTest" name="verifyBuildTitleofpage" time="0.000">
    <skipped/>
  </testcase> <!-- verifyBuildTitleofpage -->
  <system-out/>
  <testcase classname="Test.LoginTest" name="verifytitleofloginpage" time="0.000">
    <skipped/>
  </testcase> <!-- verifytitleofloginpage -->
  <system-out/>
  <testcase classname="Test.LoginTest" name="verifyCurrenturlofpage" time="0.000">
    <skipped/>
  </testcase> <!-- verifyCurrenturlofpage -->
  <system-out/>
  <testcase classname="Test.LoginTest" name="verifyLoginwithCorrectcredentials" time="0.000">
    <skipped/>
  </testcase> <!-- verifyLoginwithCorrectcredentials -->
  <system-out/>
</testsuite> <!-- Test.LoginTest -->
