<?xml version="1.0" encoding="UTF-8"?>
<!-- Generated by org.testng.reporters.JUnitReportReporter -->
<testsuite hostname="DESKTOP-83U9K5D" failures="0" tests="4" name="Test1.LoginTest" time="1.892" errors="0" timestamp="2023-02-12T00:41:39 IST" skipped="0">
  <testcase classname="Test1.LoginTest" name="verifyBuildTitleofpage" time="0.014"/>
  <system-out/>
  <testcase classname="Test1.LoginTest" name="verifytitleofloginpage" time="0.324"/>
  <system-out/>
  <testcase classname="Test1.LoginTest" name="verifyCurrenturlofpage" time="0.015"/>
  <system-out/>
  <testcase classname="Test1.LoginTest" name="verifyLoginwithCorrectcredentials" time="1.539"/>
  <system-out/>
</testsuite> <!-- Test1.LoginTest -->
