<?xml version="1.0" encoding="UTF-8"?>
<!-- Generated by org.testng.reporters.JUnitReportReporter -->
<testsuite hostname="DESKTOP-83U9K5D" failures="0" tests="3" name="Test1.PIMTest" time="2.444" errors="0" timestamp="2023-02-12T00:41:39 IST" skipped="0">
  <testcase classname="Test1.PIMTest" name="verifyPimPageTitle" time="1.769"/>
  <system-out/>
  <testcase classname="Test1.PIMTest" name="verifyEmpSearchEmpId" time="0.673"/>
  <system-out/>
  <testcase classname="Test1.PIMTest" name="TestIngChanges" time="0.002"/>
  <system-out/>
</testsuite> <!-- Test1.PIMTest -->
