<?xml version="1.0" encoding="UTF-8"?>
<!-- Generated by org.testng.reporters.JUnitReportReporter -->
<testsuite hostname="DESKTOP-83U9K5D" failures="0" tests="3" name="Test.PIMTest" time="0.000" errors="0" timestamp="2023-02-12T00:15:25 IST" skipped="3">
  <testcase classname="Test.PIMTest" name="verifyPimPageTitle" time="0.000">
    <skipped/>
  </testcase> <!-- verifyPimPageTitle -->
  <system-out/>
  <testcase classname="Test.PIMTest" name="verifyEmpSearchEmpId" time="0.000">
    <skipped/>
  </testcase> <!-- verifyEmpSearchEmpId -->
  <system-out/>
  <testcase classname="Test.PIMTest" name="TestIngChanges" time="0.000">
    <skipped/>
  </testcase> <!-- TestIngChanges -->
  <system-out/>
</testsuite> <!-- Test.PIMTest -->
